 ====================>     TALLY 3: FLUX_SPECTRUM     <=====================

 Incoming Energy [0.001, 0.0012618568830660211)
   Total Material
     Flux                                 0.00457711 +/- 0.000508849
 Incoming Energy [0.0012618568830660211, 0.0015922827933410922)
   Total Material
     Flux                                 0.00743343 +/- 0.000674996
 Incoming Energy [0.0015922827933410922, 0.002009233002565048)
   Total Material
     Flux                                 0.0111691 +/- 0.000754817
 Incoming Energy [0.002009233002565048, 0.0025353644939701114)
   Total Material
     Flux                                 0.0172476 +/- 0.00105478
 Incoming Energy [0.0025353644939701114, 0.0031992671377973846)
   Total Material
     Flux                                 0.0264709 +/- 0.00121554
 Incoming Energy [0.0031992671377973846, 0.004037017258596553)
   Total Material
     Flux                                 0.043173 +/- 0.00161916
 Incoming Energy [0.004037017258596553, 0.0050941380148163806)
   Total Material
     Flux                                 0.0704306 +/- 0.00256351
 Incoming Energy [0.0050941380148163806, 0.006428073117284319)
   Total Material
     Flux                                 0.108121 +/- 0.0033731
 Incoming Energy [0.006428073117284319, 0.008111308307896872)
   Total Material
     Flux                                 0.164148 +/- 0.00425389
 Incoming Energy [0.008111308307896872, 0.010235310218990263)
   Total Material
     Flux                                 0.241012 +/- 0.00520697
 Incoming Energy [0.010235310218990263, 0.01291549665014884)
   Total Material
     Flux                                 0.347858 +/- 0.00661409
 Incoming Energy [0.01291549665014884, 0.016297508346206444)
   Total Material
     Flux                                 0.50547 +/- 0.0098005
 Incoming Energy [0.016297508346206444, 0.020565123083486514)
   Total Material
     Flux                                 0.705057 +/- 0.0129799
 Incoming Energy [0.020565123083486514, 0.02595024211399736)
   Total Material
     Flux                                 0.93948 +/- 0.0149494
 Incoming Energy [0.02595024211399736, 0.03274549162877728)
   Total Material
     Flux                                 1.22698 +/- 0.0193184
 Incoming Energy [0.03274549162877728, 0.04132012400115337)
   Total Material
     Flux                                 1.47906 +/- 0.022445
 Incoming Energy [0.04132012400115337, 0.052140082879996844)
   Total Material
     Flux                                 1.65531 +/- 0.025318
 Incoming Energy [0.052140082879996844, 0.0657933224657568)
   Total Material
     Flux                                 1.72607 +/- 0.0239181
 Incoming Energy [0.0657933224657568, 0.08302175681319744)
   Total Material
     Flux                                 1.61195 +/- 0.0261356
 Incoming Energy [0.08302175681319744, 0.10476157527896651)
   Total Material
     Flux                                 1.3272 +/- 0.0197725
 Incoming Energy [0.10476157527896651, 0.13219411484660287)
   Total Material
     Flux                                 0.940029 +/- 0.0155965
 Incoming Energy [0.13219411484660287, 0.1668100537200059)
   Total Material
     Flux                                 0.62336 +/- 0.0118434
 Incoming Energy [0.1668100537200059, 0.21049041445120198)
   Total Material
     Flux                                 0.423894 +/- 0.00923091
 Incoming Energy [0.21049041445120198, 0.26560877829466867)
   Total Material
     Flux                                 0.331458 +/- 0.00796782
 Incoming Energy [0.26560877829466867, 0.3351602650938841)
   Total Material
     Flux                                 0.296634 +/- 0.00743425
 Incoming Energy [0.3351602650938841, 0.4229242874389499)
   Total Material
     Flux                                 0.278209 +/- 0.0077013
 Incoming Energy [0.4229242874389499, 0.5336699231206307)
   Total Material
     Flux                                 0.265993 +/- 0.0075774
 Incoming Energy [0.5336699231206307, 0.6734150657750821)
   Total Material
     Flux                                 0.261066 +/- 0.00622663
 Incoming Energy [0.6734150657750821, 0.8497534359086438)
   Total Material
     Flux                                 0.248062 +/- 0.00621577
 Incoming Energy [0.8497534359086438, 1.072267222010323)
   Total Material
     Flux                                 0.215051 +/- 0.00512951
 Incoming Energy [1.072267222010323, 1.3530477745798062)
   Total Material
     Flux                                 0.245346 +/- 0.00696426
 Incoming Energy [1.3530477745798062, 1.7073526474706904)
   Total Material
     Flux                                 0.24344 +/- 0.00653956
 Incoming Energy [1.7073526474706904, 2.1544346900318843)
   Total Material
     Flux                                 0.256855 +/- 0.005681
 Incoming Energy [2.1544346900318843, 2.71858824273294)
   Total Material
     Flux                                 0.248077 +/- 0.0070023
 Incoming Energy [2.71858824273294, 3.4304692863149193)
   Total Material
     Flux                                 0.265923 +/- 0.00775568
 Incoming Energy [3.4304692863149193, 4.328761281083057)
   Total Material
     Flux                                 0.254641 +/- 0.00666238
 Incoming Energy [4.328761281083057, 5.462277217684343)
   Total Material
     Flux                                 0.240491 +/- 0.00623642
 Incoming Energy [5.462277217684343, 6.892612104349695)
   Total Material
     Flux                                 0.234312 +/- 0.00645631
 Incoming Energy [6.892612104349695, 8.697490026177835)
   Total Material
     Flux                                 0.260347 +/- 0.00617131
 Incoming Energy [8.697490026177835, 10.974987654930567)
   Total Material
     Flux                                 0.280615 +/- 0.0065997
 Incoming Energy [10.974987654930567, 13.848863713938718)
   Total Material
     Flux                                 0.281707 +/- 0.00664438
 Incoming Energy [13.848863713938718, 17.47528400007683)
   Total Material
     Flux                                 0.289741 +/- 0.0072745
 Incoming Energy [17.47528400007683, 22.051307399030456)
   Total Material
     Flux                                 0.274321 +/- 0.00722323
 Incoming Energy [22.051307399030456, 27.825594022071257)
   Total Material
     Flux                                 0.284054 +/- 0.00760754
 Incoming Energy [27.825594022071257, 35.11191734215127)
   Total Material
     Flux                                 0.294598 +/- 0.00644935
 Incoming Energy [35.11191734215127, 44.30621457583877)
   Total Material
     Flux                                 0.285699 +/- 0.00661292
 Incoming Energy [44.30621457583877, 55.90810182512222)
   Total Material
     Flux                                 0.313852 +/- 0.00775438
 Incoming Energy [55.90810182512222, 70.54802310718645)
   Total Material
     Flux                                 0.307762 +/- 0.00642049
 Incoming Energy [70.54802310718645, 89.02150854450393)
   Total Material
     Flux                                 0.313597 +/- 0.0069132
 Incoming Energy [89.02150854450393, 112.33240329780266)
   Total Material
     Flux                                 0.303916 +/- 0.00737046
 Incoming Energy [112.33240329780266, 141.74741629268047)
   Total Material
     Flux                                 0.320213 +/- 0.00702474
 Incoming Energy [141.74741629268047, 178.8649529057435)
   Total Material
     Flux                                 0.326099 +/- 0.00773828
 Incoming Energy [178.8649529057435, 225.70197196339214)
   Total Material
     Flux                                 0.329929 +/- 0.00761824
 Incoming Energy [225.70197196339214, 284.8035868435799)
   Total Material
     Flux                                 0.341879 +/- 0.00679069
 Incoming Energy [284.8035868435799, 359.38136638046257)
   Total Material
     Flux                                 0.343926 +/- 0.00712318
 Incoming Energy [359.38136638046257, 453.4878508128582)
   Total Material
     Flux                                 0.318687 +/- 0.00703343
 Incoming Energy [453.4878508128582, 572.236765935022)
   Total Material
     Flux                                 0.341577 +/- 0.00726111
 Incoming Energy [572.236765935022, 722.0809018385456)
   Total Material
     Flux                                 0.350695 +/- 0.00743183
 Incoming Energy [722.0809018385456, 911.1627561154887)
   Total Material
     Flux                                 0.363266 +/- 0.00898184
 Incoming Energy [911.1627561154887, 1149.7569953977356)
   Total Material
     Flux                                 0.366646 +/- 0.00890437
 Incoming Energy [1149.7569953977356, 1450.8287784959402)
   Total Material
     Flux                                 0.338414 +/- 0.00736929
 Incoming Energy [1450.8287784959402, 1830.738280295366)
   Total Material
     Flux                                 0.357287 +/- 0.00795151
 Incoming Energy [1830.738280295366, 2310.1297000831582)
   Total Material
     Flux                                 0.352005 +/- 0.0078582
 Incoming Energy [2310.1297000831582, 2915.053062825176)
   Total Material
     Flux                                 0.372916 +/- 0.00785345
 Incoming Energy [2915.053062825176, 3678.379771828634)
   Total Material
     Flux                                 0.361503 +/- 0.00829251
 Incoming Energy [3678.379771828634, 4641.588833612782)
   Total Material
     Flux                                 0.359595 +/- 0.00811095
 Incoming Energy [4641.588833612782, 5857.0208180566615)
   Total Material
     Flux                                 0.367252 +/- 0.00797503
 Incoming Energy [5857.0208180566615, 7390.722033525775)
   Total Material
     Flux                                 0.373472 +/- 0.0075622
 Incoming Energy [7390.722033525775, 9326.0334688322)
   Total Material
     Flux                                 0.377292 +/- 0.00892307
 Incoming Energy [9326.0334688322, 11768.119524349991)
   Total Material
     Flux                                 0.383989 +/- 0.00829415
 Incoming Energy [11768.119524349991, 14849.682622544635)
   Total Material
     Flux                                 0.379733 +/- 0.009339
 Incoming Energy [14849.682622544635, 18738.17422860383)
   Total Material
     Flux                                 0.397337 +/- 0.0089132
 Incoming Energy [18738.17422860383, 23644.894126454074)
   Total Material
     Flux                                 0.407964 +/- 0.00846572
 Incoming Energy [23644.894126454074, 29836.472402833402)
   Total Material
     Flux                                 0.428301 +/- 0.0095894
 Incoming Energy [29836.472402833402, 37649.35806792464)
   Total Material
     Flux                                 0.428421 +/- 0.0101055
 Incoming Energy [37649.35806792464, 47508.101621027934)
   Total Material
     Flux                                 0.471284 +/- 0.0106449
 Incoming Energy [47508.101621027934, 59948.42503189409)
   Total Material
     Flux                                 0.502064 +/- 0.0112101
 Incoming Energy [59948.42503189409, 75646.3327554629)
   Total Material
     Flux                                 0.513761 +/- 0.0114954
 Incoming Energy [75646.3327554629, 95454.84566618328)
   Total Material
     Flux                                 0.546287 +/- 0.0117316
 Incoming Energy [95454.84566618328, 120450.35402587836)
   Total Material
     Flux                                 0.607 +/- 0.011478
 Incoming Energy [120450.35402587836, 151991.10829529332)
   Total Material
     Flux                                 0.69153 +/- 0.0129009
 Incoming Energy [151991.10829529332, 191791.0261672485)
   Total Material
     Flux                                 0.753623 +/- 0.016645
 Incoming Energy [191791.0261672485, 242012.82647943834)
   Total Material
     Flux                                 0.858145 +/- 0.0159884
 Incoming Energy [242012.82647943834, 305385.55088334123)
   Total Material
     Flux                                 0.986883 +/- 0.018672
 Incoming Energy [305385.55088334123, 385352.8593710535)
   Total Material
     Flux                                 1.06363 +/- 0.0191028
 Incoming Energy [385352.8593710535, 486260.1580065353)
   Total Material
     Flux                                 0.919164 +/- 0.0172085
 Incoming Energy [486260.1580065353, 613590.7273413163)
   Total Material
     Flux                                 1.31833 +/- 0.0261028
 Incoming Energy [613590.7273413163, 774263.6826811278)
   Total Material
     Flux                                 1.59089 +/- 0.0315927
 Incoming Energy [774263.6826811278, 977009.9572992247)
   Total Material
     Flux                                 1.59647 +/- 0.027033
 Incoming Energy [977009.9572992247, 1232846.7394420635)
   Total Material
     Flux                                 1.4085 +/- 0.0242671
 Incoming Energy [1232846.7394420635, 1555676.1439304722)
   Total Material
     Flux                                 1.5669 +/- 0.0366166
 Incoming Energy [1555676.1439304722, 1963040.6500402684)
   Total Material
     Flux                                 1.57213 +/- 0.0369402
 Incoming Energy [1963040.6500402684, 2477076.355991714)
   Total Material
     Flux                                 1.57165 +/- 0.0420249
 Incoming Energy [2477076.355991714, 3125715.849688235)
   Total Material
     Flux                                 1.43504 +/- 0.0343867
 Incoming Energy [3125715.849688235, 3944206.059437648)
   Total Material
     Flux                                 0.95084 +/- 0.0293892
 Incoming Energy [3944206.059437648, 4977023.564332114)
   Total Material
     Flux                                 0.687497 +/- 0.0261931
 Incoming Energy [4977023.564332114, 6280291.441834247)
   Total Material
     Flux                                 0.445762 +/- 0.0232182
 Incoming Energy [6280291.441834247, 7924828.9835391855)
   Total Material
     Flux                                 0.202863 +/- 0.0134347
 Incoming Energy [7924828.9835391855, 10000000)
   Total Material
     Flux                                 0.108288 +/- 0.0128871
 ====================>     TALLY 4: REACTION_RATES     <====================

 Total Material
   Fission Rate                         0.0793176 +/- 0.00082205
   Absorption Rate                      0.990503 +/- 0.00789795
   (n,gamma)                            0.907065 +/- 0.00714677
 ============================>     TALLY 5     <============================

 Internal

